[2019-08-12 18:49:32] defaultLogger.INFO: Signature file found at: /var/www/html/churchcrm/setup/..//signatures.json [] []
[2019-08-12 18:51:37] defaultLogger.INFO: Installing ChurchCRM Schema [] []
[2019-08-12 18:51:56] defaultLogger.INFO: Installed ChurchCRM Schema version: 3.4.0 [] []
[2019-08-12 17:53:20] defaultLogger.INFO: Starting background job processing [] []
[2019-08-12 17:53:20] defaultLogger.INFO: Starting application integrity check [] []
[2019-08-12 17:53:20] defaultLogger.INFO: Signature file found at: /var/www/html/churchcrm/signatures.json [] []
[2019-08-12 17:53:20] defaultLogger.INFO: Application integrity check passed [] []
[2019-08-12 17:53:20] defaultLogger.INFO: Finished background job processing [] []
[2019-08-12 17:53:30] defaultLogger.INFO: Starting background job processing [] []
[2019-08-12 17:53:30] defaultLogger.INFO: Not starting application integrity check.  Last application integrity check run: 20190812-175320 [] []
[2019-08-12 17:53:30] defaultLogger.INFO: Finished background job processing [] []
[2019-08-12 17:53:43] defaultLogger.INFO: Starting background job processing [] []
[2019-08-12 17:53:43] defaultLogger.INFO: Not starting application integrity check.  Last application integrity check run: 20190812-175320 [] []
[2019-08-12 17:53:43] defaultLogger.INFO: Finished background job processing [] []
[2019-08-12 17:54:08] defaultLogger.INFO: Starting background job processing [] []
[2019-08-12 17:54:08] defaultLogger.INFO: Not starting application integrity check.  Last application integrity check run: 20190812-175320 [] []
[2019-08-12 17:54:08] defaultLogger.INFO: Finished background job processing [] []
[2019-08-12 17:54:35] defaultLogger.INFO: Starting background job processing [] []
[2019-08-12 17:54:35] defaultLogger.INFO: Not starting application integrity check.  Last application integrity check run: 20190812-175320 [] []
[2019-08-12 17:54:35] defaultLogger.INFO: Finished background job processing [] []
[2019-08-12 17:54:56] defaultLogger.INFO: Starting background job processing [] []
[2019-08-12 17:54:56] defaultLogger.INFO: Not starting application integrity check.  Last application integrity check run: 20190812-175320 [] []
[2019-08-12 17:54:56] defaultLogger.INFO: Finished background job processing [] []
[2019-08-12 17:55:40] defaultLogger.INFO: Starting background job processing [] []
[2019-08-12 17:55:40] defaultLogger.INFO: Not starting application integrity check.  Last application integrity check run: 20190812-175320 [] []
[2019-08-12 17:55:40] defaultLogger.INFO: Finished background job processing [] []
[2019-08-12 17:58:54] defaultLogger.INFO: Starting background job processing [] []
[2019-08-12 17:58:54] defaultLogger.INFO: Not starting application integrity check.  Last application integrity check run: 20190812-175320 [] []
[2019-08-12 17:58:54] defaultLogger.INFO: Finished background job processing [] []
[2019-08-12 17:59:05] defaultLogger.INFO: Starting background job processing [] []
[2019-08-12 17:59:05] defaultLogger.INFO: Not starting application integrity check.  Last application integrity check run: 20190812-175320 [] []
[2019-08-12 17:59:05] defaultLogger.INFO: Finished background job processing [] []
[2019-08-12 23:01:17] defaultLogger.INFO: Starting background job processing [] []
[2019-08-12 23:01:17] defaultLogger.INFO: Not starting application integrity check.  Last application integrity check run: 20190812-175320 [] []
[2019-08-12 23:01:17] defaultLogger.INFO: Finished background job processing [] []
[2019-08-12 23:02:04] defaultLogger.INFO: Starting background job processing [] []
[2019-08-12 23:02:04] defaultLogger.INFO: Not starting application integrity check.  Last application integrity check run: 20190812-175320 [] []
[2019-08-12 23:02:04] defaultLogger.INFO: Finished background job processing [] []
[2019-08-12 23:04:35] defaultLogger.INFO: Starting background job processing [] []
[2019-08-12 23:04:35] defaultLogger.INFO: Not starting application integrity check.  Last application integrity check run: 20190812-175320 [] []
[2019-08-12 23:04:35] defaultLogger.INFO: Finished background job processing [] []
[2019-08-12 23:08:20] defaultLogger.INFO: Starting background job processing [] []
[2019-08-12 23:08:20] defaultLogger.INFO: Not starting application integrity check.  Last application integrity check run: 20190812-175320 [] []
[2019-08-12 23:08:20] defaultLogger.INFO: Finished background job processing [] []
[2019-08-12 23:08:28] defaultLogger.INFO: Starting background job processing [] []
[2019-08-12 23:08:28] defaultLogger.INFO: Not starting application integrity check.  Last application integrity check run: 20190812-175320 [] []
[2019-08-12 23:08:28] defaultLogger.INFO: Finished background job processing [] []
[2019-08-12 23:11:18] defaultLogger.INFO: Starting background job processing [] []
[2019-08-12 23:11:18] defaultLogger.INFO: Not starting application integrity check.  Last application integrity check run: 20190812-175320 [] []
[2019-08-12 23:11:18] defaultLogger.INFO: Finished background job processing [] []
[2019-08-12 23:12:09] defaultLogger.INFO: Starting background job processing [] []
[2019-08-12 23:12:09] defaultLogger.INFO: Not starting application integrity check.  Last application integrity check run: 20190812-175320 [] []
[2019-08-12 23:12:09] defaultLogger.INFO: Finished background job processing [] []
[2019-08-12 23:12:22] defaultLogger.INFO: Starting background job processing [] []
[2019-08-12 23:12:22] defaultLogger.INFO: Not starting application integrity check.  Last application integrity check run: 20190812-175320 [] []
[2019-08-12 23:12:22] defaultLogger.INFO: Finished background job processing [] []
[2019-08-12 23:12:27] defaultLogger.INFO: Starting background job processing [] []
[2019-08-12 23:12:27] defaultLogger.INFO: Not starting application integrity check.  Last application integrity check run: 20190812-175320 [] []
[2019-08-12 23:12:27] defaultLogger.INFO: Finished background job processing [] []
[2019-08-12 23:12:40] defaultLogger.INFO: Starting background job processing [] []
[2019-08-12 23:12:40] defaultLogger.INFO: Not starting application integrity check.  Last application integrity check run: 20190812-175320 [] []
[2019-08-12 23:12:40] defaultLogger.INFO: Finished background job processing [] []
[2019-08-12 23:12:45] defaultLogger.INFO: Starting background job processing [] []
[2019-08-12 23:12:45] defaultLogger.INFO: Not starting application integrity check.  Last application integrity check run: 20190812-175320 [] []
[2019-08-12 23:12:45] defaultLogger.INFO: Finished background job processing [] []
[2019-08-12 23:13:20] defaultLogger.INFO: Starting background job processing [] []
[2019-08-12 23:13:20] defaultLogger.INFO: Not starting application integrity check.  Last application integrity check run: 20190812-175320 [] []
[2019-08-12 23:13:20] defaultLogger.INFO: Finished background job processing [] []
[2019-08-12 23:13:26] defaultLogger.INFO: Starting background job processing [] []
[2019-08-12 23:13:26] defaultLogger.INFO: Not starting application integrity check.  Last application integrity check run: 20190812-175320 [] []
[2019-08-12 23:13:26] defaultLogger.INFO: Finished background job processing [] []
[2019-08-12 23:13:33] defaultLogger.INFO: Starting background job processing [] []
[2019-08-12 23:13:33] defaultLogger.INFO: Not starting application integrity check.  Last application integrity check run: 20190812-175320 [] []
[2019-08-12 23:13:33] defaultLogger.INFO: Finished background job processing [] []
[2019-08-12 23:13:38] defaultLogger.INFO: Starting background job processing [] []
[2019-08-12 23:13:38] defaultLogger.INFO: Not starting application integrity check.  Last application integrity check run: 20190812-175320 [] []
[2019-08-12 23:13:38] defaultLogger.INFO: Finished background job processing [] []
[2019-08-12 23:13:41] defaultLogger.INFO: Starting background job processing [] []
[2019-08-12 23:13:41] defaultLogger.INFO: Not starting application integrity check.  Last application integrity check run: 20190812-175320 [] []
[2019-08-12 23:13:41] defaultLogger.INFO: Finished background job processing [] []
[2019-08-12 23:13:44] defaultLogger.INFO: Starting background job processing [] []
[2019-08-12 23:13:44] defaultLogger.INFO: Not starting application integrity check.  Last application integrity check run: 20190812-175320 [] []
[2019-08-12 23:13:44] defaultLogger.INFO: Finished background job processing [] []
[2019-08-12 23:13:48] defaultLogger.INFO: Starting background job processing [] []
[2019-08-12 23:13:48] defaultLogger.INFO: Not starting application integrity check.  Last application integrity check run: 20190812-175320 [] []
[2019-08-12 23:13:48] defaultLogger.INFO: Finished background job processing [] []
[2019-08-12 23:23:33] defaultLogger.INFO: Starting background job processing [] []
[2019-08-12 23:23:33] defaultLogger.INFO: Not starting application integrity check.  Last application integrity check run: 20190812-175320 [] []
[2019-08-12 23:23:33] defaultLogger.INFO: Finished background job processing [] []
[2019-08-12 23:25:31] defaultLogger.INFO: Starting background job processing [] []
[2019-08-12 23:25:31] defaultLogger.INFO: Not starting application integrity check.  Last application integrity check run: 20190812-175320 [] []
[2019-08-12 23:25:31] defaultLogger.INFO: Finished background job processing [] []
[2019-08-12 23:27:08] defaultLogger.INFO: Starting background job processing [] []
[2019-08-12 23:27:08] defaultLogger.INFO: Not starting application integrity check.  Last application integrity check run: 20190812-175320 [] []
[2019-08-12 23:27:08] defaultLogger.INFO: Finished background job processing [] []
[2019-08-12 23:27:16] defaultLogger.INFO: Integrity check result file found at: /var/www/html/churchcrm/integrityCheck.json [] []
[2019-08-12 23:27:17] defaultLogger.INFO: Starting background job processing [] []
[2019-08-12 23:27:17] defaultLogger.INFO: Not starting application integrity check.  Last application integrity check run: 20190812-175320 [] []
[2019-08-12 23:27:17] defaultLogger.INFO: Finished background job processing [] []
[2019-08-12 23:27:29] defaultLogger.INFO: Starting background job processing [] []
[2019-08-12 23:27:29] defaultLogger.INFO: Not starting application integrity check.  Last application integrity check run: 20190812-175320 [] []
[2019-08-12 23:27:29] defaultLogger.INFO: Finished background job processing [] []
[2019-08-12 23:27:37] defaultLogger.INFO: Starting background job processing [] []
[2019-08-12 23:27:37] defaultLogger.INFO: Not starting application integrity check.  Last application integrity check run: 20190812-175320 [] []
[2019-08-12 23:27:37] defaultLogger.INFO: Finished background job processing [] []
[2019-08-12 23:27:44] defaultLogger.INFO: Starting background job processing [] []
[2019-08-12 23:27:44] defaultLogger.INFO: Not starting application integrity check.  Last application integrity check run: 20190812-175320 [] []
[2019-08-12 23:27:44] defaultLogger.INFO: Finished background job processing [] []
[2019-08-12 23:27:46] defaultLogger.INFO: Starting background job processing [] []
[2019-08-12 23:27:46] defaultLogger.INFO: Not starting application integrity check.  Last application integrity check run: 20190812-175320 [] []
[2019-08-12 23:27:46] defaultLogger.INFO: Finished background job processing [] []
[2019-08-12 23:28:34] defaultLogger.INFO: Starting background job processing [] []
[2019-08-12 23:28:34] defaultLogger.INFO: Not starting application integrity check.  Last application integrity check run: 20190812-175320 [] []
[2019-08-12 23:28:34] defaultLogger.INFO: Finished background job processing [] []
[2019-08-12 23:29:22] defaultLogger.INFO: Starting background job processing [] []
[2019-08-12 23:29:22] defaultLogger.INFO: Not starting application integrity check.  Last application integrity check run: 20190812-175320 [] []
[2019-08-12 23:29:22] defaultLogger.INFO: Finished background job processing [] []
[2019-08-12 23:29:29] defaultLogger.INFO: Starting background job processing [] []
[2019-08-12 23:29:29] defaultLogger.INFO: Not starting application integrity check.  Last application integrity check run: 20190812-175320 [] []
[2019-08-12 23:29:29] defaultLogger.INFO: Finished background job processing [] []
[2019-08-12 23:29:43] defaultLogger.INFO: Starting background job processing [] []
[2019-08-12 23:29:43] defaultLogger.INFO: Not starting application integrity check.  Last application integrity check run: 20190812-175320 [] []
[2019-08-12 23:29:43] defaultLogger.INFO: Finished background job processing [] []
[2019-08-12 23:30:06] defaultLogger.INFO: Starting background job processing [] []
[2019-08-12 23:30:06] defaultLogger.INFO: Not starting application integrity check.  Last application integrity check run: 20190812-175320 [] []
[2019-08-12 23:30:06] defaultLogger.INFO: Finished background job processing [] []
[2019-08-12 23:30:14] defaultLogger.INFO: Starting background job processing [] []
[2019-08-12 23:30:14] defaultLogger.INFO: Not starting application integrity check.  Last application integrity check run: 20190812-175320 [] []
[2019-08-12 23:30:14] defaultLogger.INFO: Finished background job processing [] []
[2019-08-12 23:30:22] defaultLogger.INFO: Starting background job processing [] []
[2019-08-12 23:30:22] defaultLogger.INFO: Not starting application integrity check.  Last application integrity check run: 20190812-175320 [] []
[2019-08-12 23:30:22] defaultLogger.INFO: Finished background job processing [] []
[2019-08-12 23:39:48] defaultLogger.INFO: Starting background job processing [] []
[2019-08-12 23:39:48] defaultLogger.INFO: Not starting application integrity check.  Last application integrity check run: 20190812-175320 [] []
[2019-08-12 23:39:48] defaultLogger.INFO: Finished background job processing [] []
[2019-08-13 00:06:17] defaultLogger.INFO: Starting background job processing [] []
[2019-08-13 00:06:17] defaultLogger.INFO: Not starting application integrity check.  Last application integrity check run: 20190812-175320 [] []
[2019-08-13 00:06:17] defaultLogger.INFO: Finished background job processing [] []
[2019-08-13 00:07:25] defaultLogger.INFO: Starting background job processing [] []
[2019-08-13 00:07:25] defaultLogger.INFO: Not starting application integrity check.  Last application integrity check run: 20190812-175320 [] []
[2019-08-13 00:07:25] defaultLogger.INFO: Finished background job processing [] []
[2019-08-12 19:13:34] defaultLogger.INFO: Starting background job processing [] []
[2019-08-12 19:13:34] defaultLogger.INFO: Starting application integrity check [] []
[2019-08-12 19:13:34] defaultLogger.INFO: Signature file found at: /var/www/html/churchcrm/signatures.json [] []
[2019-08-12 19:13:49] defaultLogger.INFO: Application integrity check passed [] []
[2019-08-12 19:13:49] defaultLogger.INFO: Finished background job processing [] []
[2019-08-12 19:13:53] defaultLogger.INFO: Starting background job processing [] []
[2019-08-12 19:13:53] defaultLogger.INFO: Not starting application integrity check.  Last application integrity check run: 20190812-191349 [] []
[2019-08-12 19:13:53] defaultLogger.INFO: Finished background job processing [] []
[2019-08-12 19:14:06] defaultLogger.INFO: Starting background job processing [] []
[2019-08-12 19:14:06] defaultLogger.INFO: Not starting application integrity check.  Last application integrity check run: 20190812-191349 [] []
[2019-08-12 19:14:06] defaultLogger.INFO: Finished background job processing [] []
[2019-08-12 19:14:19] defaultLogger.INFO: Starting background job processing [] []
[2019-08-12 19:14:19] defaultLogger.INFO: Not starting application integrity check.  Last application integrity check run: 20190812-191349 [] []
[2019-08-12 19:14:19] defaultLogger.INFO: Finished background job processing [] []
[2019-08-12 19:14:40] defaultLogger.INFO: Starting background job processing [] []
[2019-08-12 19:14:40] defaultLogger.INFO: Not starting application integrity check.  Last application integrity check run: 20190812-191349 [] []
[2019-08-12 19:14:40] defaultLogger.INFO: Finished background job processing [] []
[2019-08-12 19:14:57] defaultLogger.INFO: Starting background job processing [] []
[2019-08-12 19:14:57] defaultLogger.INFO: Not starting application integrity check.  Last application integrity check run: 20190812-191349 [] []
[2019-08-12 19:14:57] defaultLogger.INFO: Finished background job processing [] []
[2019-08-12 19:15:07] defaultLogger.INFO: Starting background job processing [] []
[2019-08-12 19:15:07] defaultLogger.INFO: Not starting application integrity check.  Last application integrity check run: 20190812-191349 [] []
[2019-08-12 19:15:07] defaultLogger.INFO: Finished background job processing [] []
[2019-08-12 19:15:10] defaultLogger.INFO: Starting background job processing [] []
[2019-08-12 19:15:10] defaultLogger.INFO: Not starting application integrity check.  Last application integrity check run: 20190812-191349 [] []
[2019-08-12 19:15:10] defaultLogger.INFO: Finished background job processing [] []
[2019-08-12 19:15:13] defaultLogger.INFO: Starting background job processing [] []
[2019-08-12 19:15:13] defaultLogger.INFO: Not starting application integrity check.  Last application integrity check run: 20190812-191349 [] []
[2019-08-12 19:15:13] defaultLogger.INFO: Finished background job processing [] []
[2019-08-12 19:15:15] defaultLogger.INFO: Starting background job processing [] []
[2019-08-12 19:15:15] defaultLogger.INFO: Not starting application integrity check.  Last application integrity check run: 20190812-191349 [] []
[2019-08-12 19:15:15] defaultLogger.INFO: Finished background job processing [] []
[2019-08-12 19:15:16] defaultLogger.INFO: Starting background job processing [] []
[2019-08-12 19:15:16] defaultLogger.INFO: Not starting application integrity check.  Last application integrity check run: 20190812-191349 [] []
[2019-08-12 19:15:16] defaultLogger.INFO: Finished background job processing [] []
[2019-08-12 19:15:31] defaultLogger.INFO: Starting background job processing [] []
[2019-08-12 19:15:31] defaultLogger.INFO: Not starting application integrity check.  Last application integrity check run: 20190812-191349 [] []
[2019-08-12 19:15:31] defaultLogger.INFO: Finished background job processing [] []
[2019-08-12 19:15:36] defaultLogger.INFO: Starting background job processing [] []
[2019-08-12 19:15:36] defaultLogger.INFO: Not starting application integrity check.  Last application integrity check run: 20190812-191349 [] []
[2019-08-12 19:15:36] defaultLogger.INFO: Finished background job processing [] []
[2019-08-12 19:15:39] defaultLogger.INFO: Starting background job processing [] []
[2019-08-12 19:15:39] defaultLogger.INFO: Not starting application integrity check.  Last application integrity check run: 20190812-191349 [] []
[2019-08-12 19:15:39] defaultLogger.INFO: Finished background job processing [] []
[2019-08-12 19:15:41] defaultLogger.INFO: Starting background job processing [] []
[2019-08-12 19:15:41] defaultLogger.INFO: Not starting application integrity check.  Last application integrity check run: 20190812-191349 [] []
[2019-08-12 19:15:41] defaultLogger.INFO: Finished background job processing [] []
[2019-08-12 19:15:43] defaultLogger.INFO: Starting background job processing [] []
[2019-08-12 19:15:43] defaultLogger.INFO: Not starting application integrity check.  Last application integrity check run: 20190812-191349 [] []
[2019-08-12 19:15:43] defaultLogger.INFO: Finished background job processing [] []
[2019-08-12 19:15:55] defaultLogger.INFO: Starting background job processing [] []
[2019-08-12 19:15:55] defaultLogger.INFO: Not starting application integrity check.  Last application integrity check run: 20190812-191349 [] []
[2019-08-12 19:15:55] defaultLogger.INFO: Finished background job processing [] []
[2019-08-12 19:16:35] defaultLogger.INFO: Starting background job processing [] []
[2019-08-12 19:16:35] defaultLogger.INFO: Not starting application integrity check.  Last application integrity check run: 20190812-191349 [] []
[2019-08-12 19:16:35] defaultLogger.INFO: Finished background job processing [] []
[2019-08-12 19:16:40] defaultLogger.INFO: Starting background job processing [] []
[2019-08-12 19:16:40] defaultLogger.INFO: Not starting application integrity check.  Last application integrity check run: 20190812-191349 [] []
[2019-08-12 19:16:40] defaultLogger.INFO: Finished background job processing [] []
[2019-08-12 19:16:55] defaultLogger.INFO: Starting background job processing [] []
[2019-08-12 19:16:55] defaultLogger.INFO: Not starting application integrity check.  Last application integrity check run: 20190812-191349 [] []
[2019-08-12 19:16:55] defaultLogger.INFO: Finished background job processing [] []
[2019-08-12 19:17:36] defaultLogger.INFO: Starting background job processing [] []
[2019-08-12 19:17:36] defaultLogger.INFO: Not starting application integrity check.  Last application integrity check run: 20190812-191349 [] []
[2019-08-12 19:17:36] defaultLogger.INFO: Finished background job processing [] []
[2019-08-12 19:17:39] defaultLogger.INFO: Starting background job processing [] []
[2019-08-12 19:17:39] defaultLogger.INFO: Not starting application integrity check.  Last application integrity check run: 20190812-191349 [] []
[2019-08-12 19:17:39] defaultLogger.INFO: Finished background job processing [] []
[2019-08-12 19:17:58] defaultLogger.INFO: Starting background job processing [] []
[2019-08-12 19:17:58] defaultLogger.INFO: Not starting application integrity check.  Last application integrity check run: 20190812-191349 [] []
[2019-08-12 19:17:58] defaultLogger.INFO: Finished background job processing [] []
[2019-08-12 19:18:15] defaultLogger.INFO: Starting background job processing [] []
[2019-08-12 19:18:15] defaultLogger.INFO: Not starting application integrity check.  Last application integrity check run: 20190812-191349 [] []
[2019-08-12 19:18:15] defaultLogger.INFO: Finished background job processing [] []
[2019-08-12 19:18:26] defaultLogger.INFO: Starting background job processing [] []
[2019-08-12 19:18:26] defaultLogger.INFO: Not starting application integrity check.  Last application integrity check run: 20190812-191349 [] []
[2019-08-12 19:18:26] defaultLogger.INFO: Finished background job processing [] []
[2019-08-12 19:18:31] defaultLogger.INFO: Starting background job processing [] []
[2019-08-12 19:18:31] defaultLogger.INFO: Not starting application integrity check.  Last application integrity check run: 20190812-191349 [] []
[2019-08-12 19:18:31] defaultLogger.INFO: Finished background job processing [] []
[2019-08-12 19:18:40] defaultLogger.INFO: Starting background job processing [] []
[2019-08-12 19:18:40] defaultLogger.INFO: Not starting application integrity check.  Last application integrity check run: 20190812-191349 [] []
[2019-08-12 19:18:40] defaultLogger.INFO: Finished background job processing [] []
[2019-08-12 19:18:45] defaultLogger.INFO: Starting background job processing [] []
[2019-08-12 19:18:45] defaultLogger.INFO: Not starting application integrity check.  Last application integrity check run: 20190812-191349 [] []
[2019-08-12 19:18:45] defaultLogger.INFO: Finished background job processing [] []
[2019-08-12 19:18:49] defaultLogger.INFO: Starting background job processing [] []
[2019-08-12 19:18:49] defaultLogger.INFO: Not starting application integrity check.  Last application integrity check run: 20190812-191349 [] []
[2019-08-12 19:18:49] defaultLogger.INFO: Finished background job processing [] []
[2019-08-12 19:18:52] defaultLogger.INFO: Starting background job processing [] []
[2019-08-12 19:18:52] defaultLogger.INFO: Not starting application integrity check.  Last application integrity check run: 20190812-191349 [] []
[2019-08-12 19:18:52] defaultLogger.INFO: Finished background job processing [] []
[2019-08-12 20:38:31] defaultLogger.INFO: Starting background job processing [] []
[2019-08-12 20:38:31] defaultLogger.INFO: Not starting application integrity check.  Last application integrity check run: 20190812-191349 [] []
[2019-08-12 20:38:31] defaultLogger.INFO: Finished background job processing [] []
[2019-08-12 20:38:42] defaultLogger.INFO: Starting background job processing [] []
[2019-08-12 20:38:42] defaultLogger.INFO: Not starting application integrity check.  Last application integrity check run: 20190812-191349 [] []
[2019-08-12 20:38:42] defaultLogger.INFO: Finished background job processing [] []
[2019-08-12 20:38:53] defaultLogger.INFO: Starting background job processing [] []
[2019-08-12 20:38:53] defaultLogger.INFO: Not starting application integrity check.  Last application integrity check run: 20190812-191349 [] []
[2019-08-12 20:38:53] defaultLogger.INFO: Finished background job processing [] []
