[2019-08-13 00:07:21] defaultLogger.INFO: Starting background job processing [] []
[2019-08-13 00:07:21] defaultLogger.INFO: Not starting application integrity check.  Last application integrity check run: 20190812-191349 [] []
[2019-08-13 00:07:21] defaultLogger.INFO: Finished background job processing [] []
[2019-08-13 00:07:39] defaultLogger.INFO: Starting background job processing [] []
[2019-08-13 00:07:39] defaultLogger.INFO: Not starting application integrity check.  Last application integrity check run: 20190812-191349 [] []
[2019-08-13 00:07:39] defaultLogger.INFO: Finished background job processing [] []
[2019-08-13 00:07:56] defaultLogger.INFO: Starting background job processing [] []
[2019-08-13 00:07:56] defaultLogger.INFO: Not starting application integrity check.  Last application integrity check run: 20190812-191349 [] []
[2019-08-13 00:07:56] defaultLogger.INFO: Finished background job processing [] []
[2019-08-13 00:07:59] defaultLogger.INFO: Starting background job processing [] []
[2019-08-13 00:07:59] defaultLogger.INFO: Not starting application integrity check.  Last application integrity check run: 20190812-191349 [] []
[2019-08-13 00:07:59] defaultLogger.INFO: Finished background job processing [] []
[2019-08-13 00:08:07] defaultLogger.INFO: Starting background job processing [] []
[2019-08-13 00:08:07] defaultLogger.INFO: Not starting application integrity check.  Last application integrity check run: 20190812-191349 [] []
[2019-08-13 00:08:07] defaultLogger.INFO: Finished background job processing [] []
[2019-08-13 14:55:14] defaultLogger.INFO: Starting background job processing [] []
[2019-08-13 14:55:14] defaultLogger.INFO: Not starting application integrity check.  Last application integrity check run: 20190812-191349 [] []
[2019-08-13 14:55:14] defaultLogger.INFO: Finished background job processing [] []
[2019-08-13 14:57:34] defaultLogger.INFO: Starting background job processing [] []
[2019-08-13 14:57:34] defaultLogger.INFO: Not starting application integrity check.  Last application integrity check run: 20190812-191349 [] []
[2019-08-13 14:57:34] defaultLogger.INFO: Finished background job processing [] []
[2019-08-13 14:57:40] defaultLogger.INFO: Starting background job processing [] []
[2019-08-13 14:57:40] defaultLogger.INFO: Not starting application integrity check.  Last application integrity check run: 20190812-191349 [] []
[2019-08-13 14:57:40] defaultLogger.INFO: Finished background job processing [] []
[2019-08-13 14:57:56] defaultLogger.INFO: Starting background job processing [] []
[2019-08-13 14:57:56] defaultLogger.INFO: Not starting application integrity check.  Last application integrity check run: 20190812-191349 [] []
[2019-08-13 14:57:56] defaultLogger.INFO: Finished background job processing [] []
[2019-08-13 14:58:53] defaultLogger.INFO: Starting background job processing [] []
[2019-08-13 14:58:53] defaultLogger.INFO: Not starting application integrity check.  Last application integrity check run: 20190812-191349 [] []
[2019-08-13 14:58:53] defaultLogger.INFO: Finished background job processing [] []
[2019-08-13 14:58:58] defaultLogger.INFO: Starting background job processing [] []
[2019-08-13 14:58:58] defaultLogger.INFO: Not starting application integrity check.  Last application integrity check run: 20190812-191349 [] []
[2019-08-13 14:58:58] defaultLogger.INFO: Finished background job processing [] []
[2019-08-13 15:01:27] defaultLogger.WARNING: issue creating geoCoder API access denied. Request: https://maps.googleapis.com/maps/api/geocode/json?address=Luanda%20Angola%20Sambizanga%2C%20MO%2064106%20Angola&language=pt&key= - Message: You must use an API key to authenticate each request to Google Maps Platform APIs. For additional information, please refer to http://g.co/dev/maps-no-account [] []
[2019-08-13 15:01:28] defaultLogger.INFO: Starting background job processing [] []
[2019-08-13 15:01:28] defaultLogger.INFO: Not starting application integrity check.  Last application integrity check run: 20190812-191349 [] []
[2019-08-13 15:01:28] defaultLogger.INFO: Finished background job processing [] []
[2019-08-13 15:01:33] defaultLogger.INFO: Starting background job processing [] []
[2019-08-13 15:01:33] defaultLogger.INFO: Not starting application integrity check.  Last application integrity check run: 20190812-191349 [] []
[2019-08-13 15:01:33] defaultLogger.INFO: Finished background job processing [] []
[2019-08-13 15:01:38] defaultLogger.INFO: Starting background job processing [] []
[2019-08-13 15:01:38] defaultLogger.INFO: Not starting application integrity check.  Last application integrity check run: 20190812-191349 [] []
[2019-08-13 15:01:38] defaultLogger.INFO: Finished background job processing [] []
[2019-08-13 15:01:44] defaultLogger.INFO: Starting background job processing [] []
[2019-08-13 15:01:44] defaultLogger.INFO: Not starting application integrity check.  Last application integrity check run: 20190812-191349 [] []
[2019-08-13 15:01:44] defaultLogger.INFO: Finished background job processing [] []
[2019-08-13 15:02:22] defaultLogger.INFO: Starting background job processing [] []
[2019-08-13 15:02:22] defaultLogger.INFO: Not starting application integrity check.  Last application integrity check run: 20190812-191349 [] []
[2019-08-13 15:02:22] defaultLogger.INFO: Finished background job processing [] []
[2019-08-13 15:02:27] defaultLogger.INFO: Starting background job processing [] []
[2019-08-13 15:02:27] defaultLogger.INFO: Not starting application integrity check.  Last application integrity check run: 20190812-191349 [] []
[2019-08-13 15:02:27] defaultLogger.INFO: Finished background job processing [] []
[2019-08-13 15:02:32] defaultLogger.INFO: Starting background job processing [] []
[2019-08-13 15:02:32] defaultLogger.INFO: Not starting application integrity check.  Last application integrity check run: 20190812-191349 [] []
[2019-08-13 15:02:32] defaultLogger.INFO: Finished background job processing [] []
[2019-08-13 15:02:49] defaultLogger.INFO: Starting background job processing [] []
[2019-08-13 15:02:49] defaultLogger.INFO: Not starting application integrity check.  Last application integrity check run: 20190812-191349 [] []
[2019-08-13 15:02:49] defaultLogger.INFO: Finished background job processing [] []
[2019-08-13 15:02:56] defaultLogger.INFO: Starting background job processing [] []
[2019-08-13 15:02:56] defaultLogger.INFO: Not starting application integrity check.  Last application integrity check run: 20190812-191349 [] []
[2019-08-13 15:02:56] defaultLogger.INFO: Finished background job processing [] []
[2019-08-13 15:03:10] defaultLogger.INFO: Starting background job processing [] []
[2019-08-13 15:03:10] defaultLogger.INFO: Not starting application integrity check.  Last application integrity check run: 20190812-191349 [] []
[2019-08-13 15:03:10] defaultLogger.INFO: Finished background job processing [] []
[2019-08-13 15:03:37] defaultLogger.INFO: Starting background job processing [] []
[2019-08-13 15:03:37] defaultLogger.INFO: Not starting application integrity check.  Last application integrity check run: 20190812-191349 [] []
[2019-08-13 15:03:37] defaultLogger.INFO: Finished background job processing [] []
[2019-08-13 15:16:43] defaultLogger.INFO: Starting background job processing [] []
[2019-08-13 15:16:43] defaultLogger.INFO: Not starting application integrity check.  Last application integrity check run: 20190812-191349 [] []
[2019-08-13 15:16:43] defaultLogger.INFO: Finished background job processing [] []
[2019-08-13 15:16:45] defaultLogger.INFO: Starting background job processing [] []
[2019-08-13 15:16:45] defaultLogger.INFO: Not starting application integrity check.  Last application integrity check run: 20190812-191349 [] []
[2019-08-13 15:16:45] defaultLogger.INFO: Finished background job processing [] []
[2019-08-13 15:16:51] defaultLogger.INFO: Starting background job processing [] []
[2019-08-13 15:16:51] defaultLogger.INFO: Not starting application integrity check.  Last application integrity check run: 20190812-191349 [] []
[2019-08-13 15:16:51] defaultLogger.INFO: Finished background job processing [] []
[2019-08-13 15:22:57] defaultLogger.INFO: Starting background job processing [] []
[2019-08-13 15:22:57] defaultLogger.INFO: Not starting application integrity check.  Last application integrity check run: 20190812-191349 [] []
[2019-08-13 15:22:57] defaultLogger.INFO: Finished background job processing [] []
[2019-08-13 15:23:09] defaultLogger.INFO: Starting background job processing [] []
[2019-08-13 15:23:09] defaultLogger.INFO: Not starting application integrity check.  Last application integrity check run: 20190812-191349 [] []
[2019-08-13 15:23:09] defaultLogger.INFO: Finished background job processing [] []
[2019-08-13 15:23:29] defaultLogger.INFO: Starting background job processing [] []
[2019-08-13 15:23:29] defaultLogger.INFO: Not starting application integrity check.  Last application integrity check run: 20190812-191349 [] []
[2019-08-13 15:23:29] defaultLogger.INFO: Finished background job processing [] []
[2019-08-13 15:24:01] defaultLogger.INFO: Starting background job processing [] []
[2019-08-13 15:24:01] defaultLogger.INFO: Not starting application integrity check.  Last application integrity check run: 20190812-191349 [] []
[2019-08-13 15:24:01] defaultLogger.INFO: Finished background job processing [] []
[2019-08-13 15:24:21] defaultLogger.INFO: Starting background job processing [] []
[2019-08-13 15:24:21] defaultLogger.INFO: Not starting application integrity check.  Last application integrity check run: 20190812-191349 [] []
[2019-08-13 15:24:21] defaultLogger.INFO: Finished background job processing [] []
[2019-08-13 15:26:30] defaultLogger.INFO: Starting background job processing [] []
[2019-08-13 15:26:30] defaultLogger.INFO: Not starting application integrity check.  Last application integrity check run: 20190812-191349 [] []
[2019-08-13 15:26:30] defaultLogger.INFO: Finished background job processing [] []
[2019-08-13 15:26:38] defaultLogger.INFO: Starting background job processing [] []
[2019-08-13 15:26:38] defaultLogger.INFO: Not starting application integrity check.  Last application integrity check run: 20190812-191349 [] []
[2019-08-13 15:26:38] defaultLogger.INFO: Finished background job processing [] []
[2019-08-13 15:26:41] defaultLogger.INFO: Starting background job processing [] []
[2019-08-13 15:26:41] defaultLogger.INFO: Not starting application integrity check.  Last application integrity check run: 20190812-191349 [] []
[2019-08-13 15:26:41] defaultLogger.INFO: Finished background job processing [] []
[2019-08-13 15:28:10] defaultLogger.INFO: Starting background job processing [] []
[2019-08-13 15:28:10] defaultLogger.INFO: Not starting application integrity check.  Last application integrity check run: 20190812-191349 [] []
[2019-08-13 15:28:10] defaultLogger.INFO: Finished background job processing [] []
[2019-08-13 15:28:28] defaultLogger.INFO: Starting background job processing [] []
[2019-08-13 15:28:28] defaultLogger.INFO: Not starting application integrity check.  Last application integrity check run: 20190812-191349 [] []
[2019-08-13 15:28:28] defaultLogger.INFO: Finished background job processing [] []
[2019-08-13 15:28:40] defaultLogger.WARNING: SMTP connect() failed. https://github.com/PHPMailer/PHPMailer/wiki/Troubleshooting [] []
[2019-08-13 15:28:41] defaultLogger.INFO: Starting background job processing [] []
[2019-08-13 15:28:41] defaultLogger.INFO: Not starting application integrity check.  Last application integrity check run: 20190812-191349 [] []
[2019-08-13 15:28:41] defaultLogger.INFO: Finished background job processing [] []
[2019-08-13 15:29:50] defaultLogger.INFO: Starting background job processing [] []
[2019-08-13 15:29:50] defaultLogger.INFO: Not starting application integrity check.  Last application integrity check run: 20190812-191349 [] []
[2019-08-13 15:29:50] defaultLogger.INFO: Finished background job processing [] []
[2019-08-13 15:31:15] defaultLogger.INFO: Starting background job processing [] []
[2019-08-13 15:31:15] defaultLogger.INFO: Not starting application integrity check.  Last application integrity check run: 20190812-191349 [] []
[2019-08-13 15:31:15] defaultLogger.INFO: Finished background job processing [] []
[2019-08-13 15:32:53] defaultLogger.WARNING: issue creating geoCoder API access denied. Request: https://maps.googleapis.com/maps/api/geocode/json?address=Luanda%20Angola%20Luanda%2C%20Mainga%20Angola&language=pt&key= - Message: You must use an API key to authenticate each request to Google Maps Platform APIs. For additional information, please refer to http://g.co/dev/maps-no-account [] []
[2019-08-13 15:32:54] defaultLogger.INFO: Starting background job processing [] []
[2019-08-13 15:32:54] defaultLogger.INFO: Not starting application integrity check.  Last application integrity check run: 20190812-191349 [] []
[2019-08-13 15:32:54] defaultLogger.INFO: Finished background job processing [] []
[2019-08-13 15:33:01] defaultLogger.INFO: Starting background job processing [] []
[2019-08-13 15:33:01] defaultLogger.INFO: Not starting application integrity check.  Last application integrity check run: 20190812-191349 [] []
[2019-08-13 15:33:01] defaultLogger.INFO: Finished background job processing [] []
[2019-08-13 15:33:21] defaultLogger.INFO: Starting background job processing [] []
[2019-08-13 15:33:21] defaultLogger.INFO: Not starting application integrity check.  Last application integrity check run: 20190812-191349 [] []
[2019-08-13 15:33:21] defaultLogger.INFO: Finished background job processing [] []
[2019-08-13 15:33:28] defaultLogger.WARNING: issue creating geoCoder API access denied. Request: https://maps.googleapis.com/maps/api/geocode/json?address=Luanda%20Angola%20Luanda%2C%20Mainga%20Angola&language=pt&key= - Message: You must use an API key to authenticate each request to Google Maps Platform APIs. For additional information, please refer to http://g.co/dev/maps-no-account [] []
[2019-08-13 15:33:29] defaultLogger.INFO: Starting background job processing [] []
[2019-08-13 15:33:29] defaultLogger.INFO: Not starting application integrity check.  Last application integrity check run: 20190812-191349 [] []
[2019-08-13 15:33:29] defaultLogger.INFO: Finished background job processing [] []
[2019-08-13 15:33:39] defaultLogger.INFO: Starting background job processing [] []
[2019-08-13 15:33:39] defaultLogger.INFO: Not starting application integrity check.  Last application integrity check run: 20190812-191349 [] []
[2019-08-13 15:33:39] defaultLogger.INFO: Finished background job processing [] []
[2019-08-13 15:34:49] defaultLogger.INFO: Starting background job processing [] []
[2019-08-13 15:34:49] defaultLogger.INFO: Not starting application integrity check.  Last application integrity check run: 20190812-191349 [] []
[2019-08-13 15:34:49] defaultLogger.INFO: Finished background job processing [] []
[2019-08-13 15:34:57] defaultLogger.WARNING: issue creating geoCoder API access denied. Request: https://maps.googleapis.com/maps/api/geocode/json?address=Luanda%20Angola%20Luanda%2C%20Mainga%20Angola&language=pt&key= - Message: You must use an API key to authenticate each request to Google Maps Platform APIs. For additional information, please refer to http://g.co/dev/maps-no-account [] []
[2019-08-13 15:34:58] defaultLogger.INFO: Starting background job processing [] []
[2019-08-13 15:34:58] defaultLogger.INFO: Not starting application integrity check.  Last application integrity check run: 20190812-191349 [] []
[2019-08-13 15:34:58] defaultLogger.INFO: Finished background job processing [] []
[2019-08-13 15:35:05] defaultLogger.INFO: Starting background job processing [] []
[2019-08-13 15:35:05] defaultLogger.INFO: Not starting application integrity check.  Last application integrity check run: 20190812-191349 [] []
[2019-08-13 15:35:05] defaultLogger.INFO: Finished background job processing [] []
[2019-08-13 15:35:10] defaultLogger.INFO: Starting background job processing [] []
[2019-08-13 15:35:10] defaultLogger.INFO: Not starting application integrity check.  Last application integrity check run: 20190812-191349 [] []
[2019-08-13 15:35:10] defaultLogger.INFO: Finished background job processing [] []
[2019-08-13 15:35:17] defaultLogger.INFO: Starting background job processing [] []
[2019-08-13 15:35:17] defaultLogger.INFO: Not starting application integrity check.  Last application integrity check run: 20190812-191349 [] []
[2019-08-13 15:35:17] defaultLogger.INFO: Finished background job processing [] []
[2019-08-13 15:36:26] defaultLogger.INFO: Starting background job processing [] []
[2019-08-13 15:36:26] defaultLogger.INFO: Not starting application integrity check.  Last application integrity check run: 20190812-191349 [] []
[2019-08-13 15:36:26] defaultLogger.INFO: Finished background job processing [] []
[2019-08-13 15:36:43] defaultLogger.INFO: Starting background job processing [] []
[2019-08-13 15:36:43] defaultLogger.INFO: Not starting application integrity check.  Last application integrity check run: 20190812-191349 [] []
[2019-08-13 15:36:43] defaultLogger.INFO: Finished background job processing [] []
[2019-08-13 15:37:01] defaultLogger.INFO: Starting background job processing [] []
[2019-08-13 15:37:01] defaultLogger.INFO: Not starting application integrity check.  Last application integrity check run: 20190812-191349 [] []
[2019-08-13 15:37:01] defaultLogger.INFO: Finished background job processing [] []
[2019-08-13 15:37:26] defaultLogger.INFO: Starting background job processing [] []
[2019-08-13 15:37:26] defaultLogger.INFO: Not starting application integrity check.  Last application integrity check run: 20190812-191349 [] []
[2019-08-13 15:37:26] defaultLogger.INFO: Finished background job processing [] []
[2019-08-13 15:37:31] defaultLogger.INFO: Starting background job processing [] []
[2019-08-13 15:37:31] defaultLogger.INFO: Not starting application integrity check.  Last application integrity check run: 20190812-191349 [] []
[2019-08-13 15:37:31] defaultLogger.INFO: Finished background job processing [] []
[2019-08-13 15:37:55] defaultLogger.INFO: Starting background job processing [] []
[2019-08-13 15:37:55] defaultLogger.INFO: Not starting application integrity check.  Last application integrity check run: 20190812-191349 [] []
[2019-08-13 15:37:55] defaultLogger.INFO: Finished background job processing [] []
[2019-08-13 15:38:25] defaultLogger.INFO: Starting background job processing [] []
[2019-08-13 15:38:25] defaultLogger.INFO: Not starting application integrity check.  Last application integrity check run: 20190812-191349 [] []
[2019-08-13 15:38:25] defaultLogger.INFO: Finished background job processing [] []
[2019-08-13 15:38:30] defaultLogger.INFO: Starting background job processing [] []
[2019-08-13 15:38:30] defaultLogger.INFO: Not starting application integrity check.  Last application integrity check run: 20190812-191349 [] []
[2019-08-13 15:38:30] defaultLogger.INFO: Finished background job processing [] []
[2019-08-13 15:38:34] defaultLogger.INFO: Starting background job processing [] []
[2019-08-13 15:38:34] defaultLogger.INFO: Not starting application integrity check.  Last application integrity check run: 20190812-191349 [] []
[2019-08-13 15:38:34] defaultLogger.INFO: Finished background job processing [] []
[2019-08-13 15:38:57] defaultLogger.INFO: Starting background job processing [] []
[2019-08-13 15:38:57] defaultLogger.INFO: Not starting application integrity check.  Last application integrity check run: 20190812-191349 [] []
[2019-08-13 15:38:57] defaultLogger.INFO: Finished background job processing [] []
[2019-08-13 15:39:01] defaultLogger.INFO: Starting background job processing [] []
[2019-08-13 15:39:01] defaultLogger.INFO: Not starting application integrity check.  Last application integrity check run: 20190812-191349 [] []
[2019-08-13 15:39:01] defaultLogger.INFO: Finished background job processing [] []
[2019-08-13 15:39:06] defaultLogger.INFO: Starting background job processing [] []
[2019-08-13 15:39:06] defaultLogger.INFO: Not starting application integrity check.  Last application integrity check run: 20190812-191349 [] []
[2019-08-13 15:39:06] defaultLogger.INFO: Finished background job processing [] []
[2019-08-13 15:39:13] defaultLogger.INFO: Starting background job processing [] []
[2019-08-13 15:39:13] defaultLogger.INFO: Not starting application integrity check.  Last application integrity check run: 20190812-191349 [] []
[2019-08-13 15:39:13] defaultLogger.INFO: Finished background job processing [] []
[2019-08-13 15:39:17] defaultLogger.INFO: Starting background job processing [] []
[2019-08-13 15:39:17] defaultLogger.INFO: Not starting application integrity check.  Last application integrity check run: 20190812-191349 [] []
[2019-08-13 15:39:17] defaultLogger.INFO: Finished background job processing [] []
[2019-08-13 15:39:26] defaultLogger.INFO: Starting background job processing [] []
[2019-08-13 15:39:26] defaultLogger.INFO: Not starting application integrity check.  Last application integrity check run: 20190812-191349 [] []
[2019-08-13 15:39:26] defaultLogger.INFO: Finished background job processing [] []
[2019-08-13 15:40:03] defaultLogger.INFO: Starting background job processing [] []
[2019-08-13 15:40:03] defaultLogger.INFO: Not starting application integrity check.  Last application integrity check run: 20190812-191349 [] []
[2019-08-13 15:40:03] defaultLogger.INFO: Finished background job processing [] []
[2019-08-13 15:40:25] defaultLogger.INFO: Starting background job processing [] []
[2019-08-13 15:40:25] defaultLogger.INFO: Not starting application integrity check.  Last application integrity check run: 20190812-191349 [] []
[2019-08-13 15:40:25] defaultLogger.INFO: Finished background job processing [] []
[2019-08-13 15:41:13] defaultLogger.INFO: Starting background job processing [] []
[2019-08-13 15:41:13] defaultLogger.INFO: Not starting application integrity check.  Last application integrity check run: 20190812-191349 [] []
[2019-08-13 15:41:13] defaultLogger.INFO: Finished background job processing [] []
[2019-08-13 15:41:27] defaultLogger.INFO: Starting background job processing [] []
[2019-08-13 15:41:27] defaultLogger.INFO: Not starting application integrity check.  Last application integrity check run: 20190812-191349 [] []
[2019-08-13 15:41:27] defaultLogger.INFO: Finished background job processing [] []
[2019-08-13 15:41:40] defaultLogger.INFO: Starting background job processing [] []
[2019-08-13 15:41:40] defaultLogger.INFO: Not starting application integrity check.  Last application integrity check run: 20190812-191349 [] []
[2019-08-13 15:41:40] defaultLogger.INFO: Finished background job processing [] []
[2019-08-13 15:41:56] defaultLogger.INFO: Starting background job processing [] []
[2019-08-13 15:41:56] defaultLogger.INFO: Not starting application integrity check.  Last application integrity check run: 20190812-191349 [] []
[2019-08-13 15:41:56] defaultLogger.INFO: Finished background job processing [] []
[2019-08-13 15:41:58] defaultLogger.INFO: Starting background job processing [] []
[2019-08-13 15:41:58] defaultLogger.INFO: Not starting application integrity check.  Last application integrity check run: 20190812-191349 [] []
[2019-08-13 15:41:58] defaultLogger.INFO: Finished background job processing [] []
[2019-08-13 15:42:09] defaultLogger.INFO: Starting background job processing [] []
[2019-08-13 15:42:09] defaultLogger.INFO: Not starting application integrity check.  Last application integrity check run: 20190812-191349 [] []
[2019-08-13 15:42:09] defaultLogger.INFO: Finished background job processing [] []
[2019-08-13 15:42:35] defaultLogger.INFO: Starting background job processing [] []
[2019-08-13 15:42:35] defaultLogger.INFO: Not starting application integrity check.  Last application integrity check run: 20190812-191349 [] []
[2019-08-13 15:42:35] defaultLogger.INFO: Finished background job processing [] []
[2019-08-13 15:42:41] defaultLogger.WARNING: issue creating geoCoder API access denied. Request: https://maps.googleapis.com/maps/api/geocode/json?address=7045%20Wycliff%20Ave%20Gainesville%2C%20SD%20United%20States&language=pt&key= - Message: You must use an API key to authenticate each request to Google Maps Platform APIs. For additional information, please refer to http://g.co/dev/maps-no-account [] []
[2019-08-13 15:42:41] defaultLogger.WARNING: issue creating geoCoder API access denied. Request: https://maps.googleapis.com/maps/api/geocode/json?address=Luanda%20Angola%20Sambizanga%2C%20MO%2064106%20Angola&language=pt&key= - Message: You must use an API key to authenticate each request to Google Maps Platform APIs. For additional information, please refer to http://g.co/dev/maps-no-account [] []
[2019-08-13 15:42:42] defaultLogger.WARNING: issue creating geoCoder API access denied. Request: https://maps.googleapis.com/maps/api/geocode/json?address=Luanda%20Angola%20Luanda%2C%20Mainga%20Angola&language=pt&key= - Message: You must use an API key to authenticate each request to Google Maps Platform APIs. For additional information, please refer to http://g.co/dev/maps-no-account [] []
[2019-08-13 15:42:42] defaultLogger.INFO: Starting background job processing [] []
[2019-08-13 15:42:42] defaultLogger.INFO: Not starting application integrity check.  Last application integrity check run: 20190812-191349 [] []
[2019-08-13 15:42:42] defaultLogger.INFO: Finished background job processing [] []
[2019-08-13 15:42:51] defaultLogger.INFO: Starting background job processing [] []
[2019-08-13 15:42:51] defaultLogger.INFO: Not starting application integrity check.  Last application integrity check run: 20190812-191349 [] []
[2019-08-13 15:42:51] defaultLogger.INFO: Finished background job processing [] []
[2019-08-13 15:43:11] defaultLogger.INFO: Starting background job processing [] []
[2019-08-13 15:43:11] defaultLogger.INFO: Not starting application integrity check.  Last application integrity check run: 20190812-191349 [] []
[2019-08-13 15:43:11] defaultLogger.INFO: Finished background job processing [] []
[2019-08-13 15:43:37] defaultLogger.INFO: Starting background job processing [] []
[2019-08-13 15:43:37] defaultLogger.INFO: Not starting application integrity check.  Last application integrity check run: 20190812-191349 [] []
[2019-08-13 15:43:37] defaultLogger.INFO: Finished background job processing [] []
[2019-08-13 15:43:40] defaultLogger.INFO: Starting background job processing [] []
[2019-08-13 15:43:40] defaultLogger.INFO: Not starting application integrity check.  Last application integrity check run: 20190812-191349 [] []
[2019-08-13 15:43:40] defaultLogger.INFO: Finished background job processing [] []
[2019-08-13 20:46:34] defaultLogger.INFO: Starting background job processing [] []
[2019-08-13 20:46:34] defaultLogger.INFO: Not starting application integrity check.  Last application integrity check run: 20190812-191349 [] []
[2019-08-13 20:46:34] defaultLogger.INFO: Finished background job processing [] []
[2019-08-13 20:47:59] defaultLogger.INFO: Starting background job processing [] []
[2019-08-13 20:47:59] defaultLogger.INFO: Not starting application integrity check.  Last application integrity check run: 20190812-191349 [] []
[2019-08-13 20:47:59] defaultLogger.INFO: Finished background job processing [] []
[2019-08-13 20:51:26] defaultLogger.INFO: Starting background job processing [] []
[2019-08-13 20:51:26] defaultLogger.INFO: Not starting application integrity check.  Last application integrity check run: 20190812-191349 [] []
[2019-08-13 20:51:26] defaultLogger.INFO: Finished background job processing [] []
[2019-08-13 20:52:23] defaultLogger.INFO: Starting background job processing [] []
[2019-08-13 20:52:23] defaultLogger.INFO: Not starting application integrity check.  Last application integrity check run: 20190812-191349 [] []
[2019-08-13 20:52:23] defaultLogger.INFO: Finished background job processing [] []
[2019-08-13 20:52:30] defaultLogger.INFO: Starting background job processing [] []
[2019-08-13 20:52:30] defaultLogger.INFO: Not starting application integrity check.  Last application integrity check run: 20190812-191349 [] []
[2019-08-13 20:52:30] defaultLogger.INFO: Finished background job processing [] []
[2019-08-13 20:52:31] defaultLogger.INFO: Starting background job processing [] []
[2019-08-13 20:52:31] defaultLogger.INFO: Not starting application integrity check.  Last application integrity check run: 20190812-191349 [] []
[2019-08-13 20:52:31] defaultLogger.INFO: Finished background job processing [] []
[2019-08-13 20:52:36] defaultLogger.INFO: Starting background job processing [] []
[2019-08-13 20:52:36] defaultLogger.INFO: Not starting application integrity check.  Last application integrity check run: 20190812-191349 [] []
[2019-08-13 20:52:36] defaultLogger.INFO: Finished background job processing [] []
[2019-08-13 20:52:47] defaultLogger.INFO: Starting background job processing [] []
[2019-08-13 20:52:47] defaultLogger.INFO: Not starting application integrity check.  Last application integrity check run: 20190812-191349 [] []
[2019-08-13 20:52:47] defaultLogger.INFO: Finished background job processing [] []
[2019-08-13 20:53:17] defaultLogger.INFO: Starting background job processing [] []
[2019-08-13 20:53:17] defaultLogger.INFO: Not starting application integrity check.  Last application integrity check run: 20190812-191349 [] []
[2019-08-13 20:53:17] defaultLogger.INFO: Finished background job processing [] []
[2019-08-13 20:55:30] defaultLogger.INFO: Starting background job processing [] []
[2019-08-13 20:55:30] defaultLogger.INFO: Not starting application integrity check.  Last application integrity check run: 20190812-191349 [] []
[2019-08-13 20:55:30] defaultLogger.INFO: Finished background job processing [] []
[2019-08-13 20:55:51] defaultLogger.INFO: Starting background job processing [] []
[2019-08-13 20:55:51] defaultLogger.INFO: Not starting application integrity check.  Last application integrity check run: 20190812-191349 [] []
[2019-08-13 20:55:51] defaultLogger.INFO: Finished background job processing [] []
[2019-08-13 20:55:56] defaultLogger.INFO: Starting background job processing [] []
[2019-08-13 20:55:56] defaultLogger.INFO: Not starting application integrity check.  Last application integrity check run: 20190812-191349 [] []
[2019-08-13 20:55:56] defaultLogger.INFO: Finished background job processing [] []
[2019-08-13 20:56:06] defaultLogger.INFO: Starting background job processing [] []
[2019-08-13 20:56:06] defaultLogger.INFO: Not starting application integrity check.  Last application integrity check run: 20190812-191349 [] []
[2019-08-13 20:56:06] defaultLogger.INFO: Finished background job processing [] []
[2019-08-13 20:56:48] defaultLogger.INFO: Starting background job processing [] []
[2019-08-13 20:56:48] defaultLogger.INFO: Not starting application integrity check.  Last application integrity check run: 20190812-191349 [] []
[2019-08-13 20:56:48] defaultLogger.INFO: Finished background job processing [] []
[2019-08-13 20:56:55] defaultLogger.INFO: Starting background job processing [] []
[2019-08-13 20:56:55] defaultLogger.INFO: Not starting application integrity check.  Last application integrity check run: 20190812-191349 [] []
[2019-08-13 20:56:55] defaultLogger.INFO: Finished background job processing [] []
[2019-08-13 20:57:32] defaultLogger.INFO: Starting background job processing [] []
[2019-08-13 20:57:32] defaultLogger.INFO: Not starting application integrity check.  Last application integrity check run: 20190812-191349 [] []
[2019-08-13 20:57:32] defaultLogger.INFO: Finished background job processing [] []
[2019-08-13 20:57:43] defaultLogger.INFO: Starting background job processing [] []
[2019-08-13 20:57:43] defaultLogger.INFO: Not starting application integrity check.  Last application integrity check run: 20190812-191349 [] []
[2019-08-13 20:57:43] defaultLogger.INFO: Finished background job processing [] []
[2019-08-13 20:57:48] defaultLogger.INFO: Starting background job processing [] []
[2019-08-13 20:57:48] defaultLogger.INFO: Not starting application integrity check.  Last application integrity check run: 20190812-191349 [] []
[2019-08-13 20:57:48] defaultLogger.INFO: Finished background job processing [] []
[2019-08-13 20:57:58] defaultLogger.INFO: Starting background job processing [] []
[2019-08-13 20:57:58] defaultLogger.INFO: Not starting application integrity check.  Last application integrity check run: 20190812-191349 [] []
[2019-08-13 20:57:58] defaultLogger.INFO: Finished background job processing [] []
[2019-08-13 20:58:42] defaultLogger.INFO: Starting background job processing [] []
[2019-08-13 20:58:42] defaultLogger.INFO: Not starting application integrity check.  Last application integrity check run: 20190812-191349 [] []
[2019-08-13 20:58:42] defaultLogger.INFO: Finished background job processing [] []
[2019-08-13 20:59:12] defaultLogger.INFO: Starting background job processing [] []
[2019-08-13 20:59:12] defaultLogger.INFO: Not starting application integrity check.  Last application integrity check run: 20190812-191349 [] []
[2019-08-13 20:59:12] defaultLogger.INFO: Finished background job processing [] []
[2019-08-13 20:59:20] defaultLogger.INFO: Starting background job processing [] []
[2019-08-13 20:59:20] defaultLogger.INFO: Not starting application integrity check.  Last application integrity check run: 20190812-191349 [] []
[2019-08-13 20:59:20] defaultLogger.INFO: Finished background job processing [] []
[2019-08-13 20:59:32] defaultLogger.INFO: Starting background job processing [] []
[2019-08-13 20:59:32] defaultLogger.INFO: Not starting application integrity check.  Last application integrity check run: 20190812-191349 [] []
[2019-08-13 20:59:32] defaultLogger.INFO: Finished background job processing [] []
[2019-08-13 20:59:48] defaultLogger.INFO: Starting background job processing [] []
[2019-08-13 20:59:48] defaultLogger.INFO: Not starting application integrity check.  Last application integrity check run: 20190812-191349 [] []
[2019-08-13 20:59:48] defaultLogger.INFO: Finished background job processing [] []
[2019-08-13 21:07:32] defaultLogger.INFO: Starting background job processing [] []
[2019-08-13 21:07:32] defaultLogger.INFO: Not starting application integrity check.  Last application integrity check run: 20190812-191349 [] []
[2019-08-13 21:07:32] defaultLogger.INFO: Finished background job processing [] []
[2019-08-13 21:07:41] defaultLogger.INFO: Starting background job processing [] []
[2019-08-13 21:07:41] defaultLogger.INFO: Not starting application integrity check.  Last application integrity check run: 20190812-191349 [] []
[2019-08-13 21:07:41] defaultLogger.INFO: Finished background job processing [] []
[2019-08-13 21:08:35] defaultLogger.INFO: Starting background job processing [] []
[2019-08-13 21:08:35] defaultLogger.INFO: Not starting application integrity check.  Last application integrity check run: 20190812-191349 [] []
[2019-08-13 21:08:35] defaultLogger.INFO: Finished background job processing [] []
[2019-08-13 21:08:37] defaultLogger.INFO: Starting background job processing [] []
[2019-08-13 21:08:37] defaultLogger.INFO: Not starting application integrity check.  Last application integrity check run: 20190812-191349 [] []
[2019-08-13 21:08:37] defaultLogger.INFO: Finished background job processing [] []
[2019-08-13 21:08:47] defaultLogger.INFO: Starting background job processing [] []
[2019-08-13 21:08:47] defaultLogger.INFO: Not starting application integrity check.  Last application integrity check run: 20190812-191349 [] []
[2019-08-13 21:08:47] defaultLogger.INFO: Finished background job processing [] []
[2019-08-13 21:09:04] defaultLogger.WARNING: issue creating geoCoder API access denied. Request: https://maps.googleapis.com/maps/api/geocode/json?address=Luanda%20Angola%20Luanda%2C%20Mainga%20Angola&language=pt&key=AIzaSyC7wqXx5mOjQeyHokhfHPvm3nu1I5iVcRU - Message: This API project is not authorized to use this API. [] []
[2019-08-13 21:09:06] defaultLogger.INFO: Starting background job processing [] []
[2019-08-13 21:09:06] defaultLogger.INFO: Not starting application integrity check.  Last application integrity check run: 20190812-191349 [] []
[2019-08-13 21:09:06] defaultLogger.INFO: Finished background job processing [] []
[2019-08-13 21:09:22] defaultLogger.INFO: Starting background job processing [] []
[2019-08-13 21:09:22] defaultLogger.INFO: Not starting application integrity check.  Last application integrity check run: 20190812-191349 [] []
[2019-08-13 21:09:22] defaultLogger.INFO: Finished background job processing [] []
[2019-08-13 21:09:31] defaultLogger.INFO: Starting background job processing [] []
[2019-08-13 21:09:31] defaultLogger.INFO: Not starting application integrity check.  Last application integrity check run: 20190812-191349 [] []
[2019-08-13 21:09:31] defaultLogger.INFO: Finished background job processing [] []
[2019-08-13 21:09:35] defaultLogger.INFO: Starting background job processing [] []
[2019-08-13 21:09:35] defaultLogger.INFO: Not starting application integrity check.  Last application integrity check run: 20190812-191349 [] []
[2019-08-13 21:09:35] defaultLogger.INFO: Finished background job processing [] []
[2019-08-13 21:09:39] defaultLogger.INFO: Starting background job processing [] []
[2019-08-13 21:09:39] defaultLogger.INFO: Not starting application integrity check.  Last application integrity check run: 20190812-191349 [] []
[2019-08-13 21:09:39] defaultLogger.INFO: Finished background job processing [] []
[2019-08-13 21:11:46] defaultLogger.INFO: Starting background job processing [] []
[2019-08-13 21:11:46] defaultLogger.INFO: Not starting application integrity check.  Last application integrity check run: 20190812-191349 [] []
[2019-08-13 21:11:46] defaultLogger.INFO: Finished background job processing [] []
[2019-08-13 21:11:53] defaultLogger.INFO: Starting background job processing [] []
[2019-08-13 21:11:53] defaultLogger.INFO: Not starting application integrity check.  Last application integrity check run: 20190812-191349 [] []
[2019-08-13 21:11:53] defaultLogger.INFO: Finished background job processing [] []
[2019-08-13 21:12:15] defaultLogger.INFO: Starting background job processing [] []
[2019-08-13 21:12:15] defaultLogger.INFO: Not starting application integrity check.  Last application integrity check run: 20190812-191349 [] []
[2019-08-13 21:12:15] defaultLogger.INFO: Finished background job processing [] []
[2019-08-13 21:12:21] defaultLogger.INFO: Starting background job processing [] []
[2019-08-13 21:12:21] defaultLogger.INFO: Not starting application integrity check.  Last application integrity check run: 20190812-191349 [] []
[2019-08-13 21:12:21] defaultLogger.INFO: Finished background job processing [] []
[2019-08-13 21:12:37] defaultLogger.INFO: Starting background job processing [] []
[2019-08-13 21:12:37] defaultLogger.INFO: Not starting application integrity check.  Last application integrity check run: 20190812-191349 [] []
[2019-08-13 21:12:37] defaultLogger.INFO: Finished background job processing [] []
[2019-08-13 21:12:49] defaultLogger.INFO: Starting background job processing [] []
[2019-08-13 21:12:49] defaultLogger.INFO: Not starting application integrity check.  Last application integrity check run: 20190812-191349 [] []
[2019-08-13 21:12:49] defaultLogger.INFO: Finished background job processing [] []
[2019-08-13 21:12:58] defaultLogger.INFO: Starting background job processing [] []
[2019-08-13 21:12:58] defaultLogger.INFO: Not starting application integrity check.  Last application integrity check run: 20190812-191349 [] []
[2019-08-13 21:12:58] defaultLogger.INFO: Finished background job processing [] []
[2019-08-13 21:13:38] defaultLogger.INFO: Starting background job processing [] []
[2019-08-13 21:13:38] defaultLogger.INFO: Not starting application integrity check.  Last application integrity check run: 20190812-191349 [] []
[2019-08-13 21:13:38] defaultLogger.INFO: Finished background job processing [] []
[2019-08-13 21:14:16] defaultLogger.INFO: Starting background job processing [] []
[2019-08-13 21:14:16] defaultLogger.INFO: Not starting application integrity check.  Last application integrity check run: 20190812-191349 [] []
[2019-08-13 21:14:16] defaultLogger.INFO: Finished background job processing [] []
[2019-08-13 21:14:36] defaultLogger.WARNING: issue creating geoCoder API access denied. Request: https://maps.googleapis.com/maps/api/geocode/json?address=Luanda%20Angola%20Luanda%2C%20Mainga%20Angola&language=pt&key=AIzaSyC7wqXx5mOjQeyHokhfHPvm3nu1I5iVcRU - Message: This API project is not authorized to use this API. [] []
[2019-08-13 21:14:36] defaultLogger.INFO: Starting background job processing [] []
[2019-08-13 21:14:36] defaultLogger.INFO: Not starting application integrity check.  Last application integrity check run: 20190812-191349 [] []
[2019-08-13 21:14:36] defaultLogger.INFO: Finished background job processing [] []
[2019-08-13 21:14:42] defaultLogger.WARNING: issue creating geoCoder API access denied. Request: https://maps.googleapis.com/maps/api/geocode/json?address=7045%20Wycliff%20Ave%20Gainesville%2C%20SD%20United%20States&language=pt&key=AIzaSyC7wqXx5mOjQeyHokhfHPvm3nu1I5iVcRU - Message: This API project is not authorized to use this API. [] []
[2019-08-13 21:14:42] defaultLogger.WARNING: issue creating geoCoder API access denied. Request: https://maps.googleapis.com/maps/api/geocode/json?address=Luanda%20Angola%20Sambizanga%2C%20MO%2064106%20Angola&language=pt&key=AIzaSyC7wqXx5mOjQeyHokhfHPvm3nu1I5iVcRU - Message: This API project is not authorized to use this API. [] []
[2019-08-13 21:14:43] defaultLogger.WARNING: issue creating geoCoder API access denied. Request: https://maps.googleapis.com/maps/api/geocode/json?address=Luanda%20Angola%20Luanda%2C%20Mainga%20Angola&language=pt&key=AIzaSyC7wqXx5mOjQeyHokhfHPvm3nu1I5iVcRU - Message: This API project is not authorized to use this API. [] []
[2019-08-13 21:14:43] defaultLogger.INFO: Starting background job processing [] []
[2019-08-13 21:14:43] defaultLogger.INFO: Not starting application integrity check.  Last application integrity check run: 20190812-191349 [] []
[2019-08-13 21:14:43] defaultLogger.INFO: Finished background job processing [] []
[2019-08-13 21:14:49] defaultLogger.INFO: Starting background job processing [] []
[2019-08-13 21:14:49] defaultLogger.INFO: Not starting application integrity check.  Last application integrity check run: 20190812-191349 [] []
[2019-08-13 21:14:49] defaultLogger.INFO: Finished background job processing [] []
[2019-08-13 21:14:52] defaultLogger.INFO: Starting background job processing [] []
[2019-08-13 21:14:52] defaultLogger.INFO: Not starting application integrity check.  Last application integrity check run: 20190812-191349 [] []
[2019-08-13 21:14:52] defaultLogger.INFO: Finished background job processing [] []
[2019-08-13 21:14:52] defaultLogger.INFO: Starting background job processing [] []
[2019-08-13 21:14:52] defaultLogger.INFO: Not starting application integrity check.  Last application integrity check run: 20190812-191349 [] []
[2019-08-13 21:14:52] defaultLogger.INFO: Finished background job processing [] []
[2019-08-13 21:15:05] defaultLogger.INFO: Starting background job processing [] []
[2019-08-13 21:15:05] defaultLogger.INFO: Not starting application integrity check.  Last application integrity check run: 20190812-191349 [] []
[2019-08-13 21:15:05] defaultLogger.INFO: Finished background job processing [] []
[2019-08-13 21:15:08] defaultLogger.INFO: Starting background job processing [] []
[2019-08-13 21:15:08] defaultLogger.INFO: Not starting application integrity check.  Last application integrity check run: 20190812-191349 [] []
[2019-08-13 21:15:08] defaultLogger.INFO: Finished background job processing [] []
[2019-08-13 21:15:09] defaultLogger.INFO: Starting background job processing [] []
[2019-08-13 21:15:09] defaultLogger.INFO: Not starting application integrity check.  Last application integrity check run: 20190812-191349 [] []
[2019-08-13 21:15:09] defaultLogger.INFO: Finished background job processing [] []
[2019-08-13 21:15:11] defaultLogger.INFO: Starting background job processing [] []
[2019-08-13 21:15:11] defaultLogger.INFO: Not starting application integrity check.  Last application integrity check run: 20190812-191349 [] []
[2019-08-13 21:15:11] defaultLogger.INFO: Finished background job processing [] []
[2019-08-13 21:26:05] defaultLogger.INFO: Starting background job processing [] []
[2019-08-13 21:26:05] defaultLogger.INFO: Not starting application integrity check.  Last application integrity check run: 20190812-191349 [] []
[2019-08-13 21:26:05] defaultLogger.INFO: Finished background job processing [] []
[2019-08-13 21:32:57] defaultLogger.INFO: Starting background job processing [] []
[2019-08-13 21:32:57] defaultLogger.INFO: Not starting application integrity check.  Last application integrity check run: 20190812-191349 [] []
[2019-08-13 21:32:57] defaultLogger.INFO: Finished background job processing [] []
[2019-08-13 21:33:12] defaultLogger.INFO: Starting background job processing [] []
[2019-08-13 21:33:12] defaultLogger.INFO: Not starting application integrity check.  Last application integrity check run: 20190812-191349 [] []
[2019-08-13 21:33:12] defaultLogger.INFO: Finished background job processing [] []
[2019-08-13 21:33:19] defaultLogger.INFO: Starting background job processing [] []
[2019-08-13 21:33:19] defaultLogger.INFO: Not starting application integrity check.  Last application integrity check run: 20190812-191349 [] []
[2019-08-13 21:33:19] defaultLogger.INFO: Finished background job processing [] []
[2019-08-13 21:34:13] defaultLogger.INFO: Starting background job processing [] []
[2019-08-13 21:34:13] defaultLogger.INFO: Not starting application integrity check.  Last application integrity check run: 20190812-191349 [] []
[2019-08-13 21:34:13] defaultLogger.INFO: Finished background job processing [] []
[2019-08-13 21:34:23] defaultLogger.INFO: Starting background job processing [] []
[2019-08-13 21:34:23] defaultLogger.INFO: Not starting application integrity check.  Last application integrity check run: 20190812-191349 [] []
[2019-08-13 21:34:23] defaultLogger.INFO: Finished background job processing [] []
[2019-08-13 21:34:27] defaultLogger.INFO: Starting background job processing [] []
[2019-08-13 21:34:27] defaultLogger.INFO: Not starting application integrity check.  Last application integrity check run: 20190812-191349 [] []
[2019-08-13 21:34:27] defaultLogger.INFO: Finished background job processing [] []
[2019-08-13 21:34:41] defaultLogger.INFO: Starting background job processing [] []
[2019-08-13 21:34:41] defaultLogger.INFO: Not starting application integrity check.  Last application integrity check run: 20190812-191349 [] []
[2019-08-13 21:34:41] defaultLogger.INFO: Finished background job processing [] []
[2019-08-13 21:34:48] defaultLogger.INFO: Starting background job processing [] []
[2019-08-13 21:34:48] defaultLogger.INFO: Not starting application integrity check.  Last application integrity check run: 20190812-191349 [] []
[2019-08-13 21:34:48] defaultLogger.INFO: Finished background job processing [] []
[2019-08-13 21:34:55] defaultLogger.INFO: Starting background job processing [] []
[2019-08-13 21:34:55] defaultLogger.INFO: Not starting application integrity check.  Last application integrity check run: 20190812-191349 [] []
[2019-08-13 21:34:55] defaultLogger.INFO: Finished background job processing [] []
[2019-08-13 21:35:04] defaultLogger.INFO: Starting background job processing [] []
[2019-08-13 21:35:04] defaultLogger.INFO: Not starting application integrity check.  Last application integrity check run: 20190812-191349 [] []
[2019-08-13 21:35:04] defaultLogger.INFO: Finished background job processing [] []
[2019-08-13 21:35:09] defaultLogger.INFO: Starting background job processing [] []
[2019-08-13 21:35:09] defaultLogger.INFO: Not starting application integrity check.  Last application integrity check run: 20190812-191349 [] []
[2019-08-13 21:35:09] defaultLogger.INFO: Finished background job processing [] []
[2019-08-13 21:35:32] defaultLogger.INFO: Starting background job processing [] []
[2019-08-13 21:35:32] defaultLogger.INFO: Not starting application integrity check.  Last application integrity check run: 20190812-191349 [] []
[2019-08-13 21:35:32] defaultLogger.INFO: Finished background job processing [] []
[2019-08-13 21:35:47] defaultLogger.INFO: Starting background job processing [] []
[2019-08-13 21:35:47] defaultLogger.INFO: Not starting application integrity check.  Last application integrity check run: 20190812-191349 [] []
[2019-08-13 21:35:47] defaultLogger.INFO: Finished background job processing [] []
[2019-08-13 21:35:49] defaultLogger.INFO: Starting background job processing [] []
[2019-08-13 21:35:49] defaultLogger.INFO: Not starting application integrity check.  Last application integrity check run: 20190812-191349 [] []
[2019-08-13 21:35:49] defaultLogger.INFO: Finished background job processing [] []
[2019-08-13 21:41:43] defaultLogger.INFO: Starting background job processing [] []
[2019-08-13 21:41:43] defaultLogger.INFO: Not starting application integrity check.  Last application integrity check run: 20190812-191349 [] []
[2019-08-13 21:41:43] defaultLogger.INFO: Finished background job processing [] []
[2019-08-13 21:41:52] defaultLogger.INFO: Starting background job processing [] []
[2019-08-13 21:41:52] defaultLogger.INFO: Not starting application integrity check.  Last application integrity check run: 20190812-191349 [] []
[2019-08-13 21:41:52] defaultLogger.INFO: Finished background job processing [] []
[2019-08-13 21:42:21] defaultLogger.INFO: Starting background job processing [] []
[2019-08-13 21:42:21] defaultLogger.INFO: Not starting application integrity check.  Last application integrity check run: 20190812-191349 [] []
[2019-08-13 21:42:21] defaultLogger.INFO: Finished background job processing [] []
[2019-08-13 21:44:39] defaultLogger.INFO: Starting background job processing [] []
[2019-08-13 21:44:39] defaultLogger.INFO: Not starting application integrity check.  Last application integrity check run: 20190812-191349 [] []
[2019-08-13 21:44:39] defaultLogger.INFO: Finished background job processing [] []
